<?xml version="1.0" encoding="UTF-8"?>
<testng-results ignored="0" total="2" passed="2" failed="0" skipped="0">
  <reporter-output>
  </reporter-output>
  <suite started-at="2022-04-14T13:44:20 IST" name="Default suite" finished-at="2022-04-14T13:44:25 IST" duration-ms="4989">
    <groups>
    </groups>
    <test started-at="2022-04-14T13:44:20 IST" name="Default test" finished-at="2022-04-14T13:44:25 IST" duration-ms="4989">
      <class name="demo.LoginApp_Test">
        <test-method is-config="true" signature="beforeClass()[pri:0, instance:demo.LoginApp_Test@4d0f2471]" started-at="2022-04-14T13:44:20 IST" name="beforeClass" finished-at="2022-04-14T13:44:22 IST" duration-ms="2376" status="PASS">
          <reporter-output>
          </reporter-output>
        </test-method> <!-- beforeClass -->
        <test-method signature="testlogin()[pri:1, instance:demo.LoginApp_Test@4d0f2471]" started-at="2022-04-14T13:44:22 IST" name="testlogin" finished-at="2022-04-14T13:44:24 IST" duration-ms="1880" status="PASS">
          <reporter-output>
          </reporter-output>
        </test-method> <!-- testlogin -->
        <test-method signature="testlogout()[pri:2, instance:demo.LoginApp_Test@4d0f2471]" started-at="2022-04-14T13:44:24 IST" name="testlogout" finished-at="2022-04-14T13:44:25 IST" depends-on-methods="demo.LoginApp_Test.testlogin" duration-ms="654" status="PASS">
          <reporter-output>
          </reporter-output>
        </test-method> <!-- testlogout -->
        <test-method is-config="true" signature="afterClass()[pri:0, instance:demo.LoginApp_Test@4d0f2471]" started-at="2022-04-14T13:44:25 IST" name="afterClass" finished-at="2022-04-14T13:44:25 IST" duration-ms="58" status="PASS">
          <reporter-output>
          </reporter-output>
        </test-method> <!-- afterClass -->
      </class> <!-- demo.LoginApp_Test -->
    </test> <!-- Default test -->
  </suite> <!-- Default suite -->
</testng-results>
